<?xml version="1.0" encoding="UTF-8"?>
<testsuite name="exercise13.Solution13Test" tests="1" skipped="0" failures="0" errors="0" timestamp="2021-09-19T02:06:28" hostname="DESKTOP-BKLQ23J" time="0.018">
  <properties/>
  <testcase name="calcInterest()" classname="exercise13.Solution13Test" time="0.018"/>
  <system-out><![CDATA[]]></system-out>
  <system-err><![CDATA[]]></system-err>
</testsuite>
