<?xml version="1.0" encoding="UTF-8"?>
<testsuite name="exercise11.Solution11Test" tests="1" skipped="0" failures="0" errors="0" timestamp="2021-09-19T01:12:50" hostname="DESKTOP-BKLQ23J" time="0.019">
  <properties/>
  <testcase name="convertToDollar()" classname="exercise11.Solution11Test" time="0.019"/>
  <system-out><![CDATA[]]></system-out>
  <system-err><![CDATA[]]></system-err>
</testsuite>
