<?xml version="1.0" encoding="UTF-8"?>
<testsuite name="exercise09.Solution09Test" tests="2" skipped="0" failures="0" errors="0" timestamp="2021-09-17T18:26:41" hostname="DESKTOP-BKLQ23J" time="0.027">
  <properties/>
  <testcase name="calcGallonCount1()" classname="exercise09.Solution09Test" time="0.026"/>
  <testcase name="calcGallonCount2()" classname="exercise09.Solution09Test" time="0.001"/>
  <system-out><![CDATA[]]></system-out>
  <system-err><![CDATA[]]></system-err>
</testsuite>
